
  .   ____          _            __ _ _
 /\\ / ___'_ __ _ _(_)_ __  __ _ \ \ \ \
( ( )\___ | '_ | '_| | '_ \/ _` | \ \ \ \
 \\/  ___)| |_)| | | | | || (_| |  ) ) ) )
  '  |____| .__|_| |_|_| |_\__, | / / / /
 =========|_|==============|___/=/_/_/_/

 :: Spring Boot ::                (v3.5.5)

2025-09-08T14:31:39.382Z  INFO 8 --- [remindify] [           main] masecla.remindify.RemindifyApplication   : Starting RemindifyApplication v0.0.1-SNAPSHOT using Java 17.0.16 with PID 8 (/app/backend/app.jar started by root in /app/backend)
2025-09-08T14:31:39.384Z  INFO 8 --- [remindify] [           main] masecla.remindify.RemindifyApplication   : The following 1 profile is active: "prod"
2025-09-08T14:31:39.956Z  INFO 8 --- [remindify] [           main] o.s.b.w.embedded.tomcat.TomcatWebServer  : Tomcat initialized with port 8080 (http)
2025-09-08T14:31:39.964Z  INFO 8 --- [remindify] [           main] o.apache.catalina.core.StandardService   : Starting service [Tomcat]
2025-09-08T14:31:39.964Z  INFO 8 --- [remindify] [           main] o.apache.catalina.core.StandardEngine    : Starting Servlet engine: [Apache Tomcat/10.1.44]
2025-09-08T14:31:39.982Z  INFO 8 --- [remindify] [           main] o.a.c.c.C.[Tomcat].[localhost].[/]       : Initializing Spring embedded WebApplicationContext
2025-09-08T14:31:39.983Z  INFO 8 --- [remindify] [           main] w.s.c.ServletWebServerApplicationContext : Root WebApplicationContext: initialization completed in 561 ms
2025-09-08T14:31:40.215Z  INFO 8 --- [remindify] [           main] o.s.b.w.embedded.tomcat.TomcatWebServer  : Tomcat started on port 8080 (http) with context path '/'
2025-09-08T14:31:40.228Z  INFO 8 --- [remindify] [           main] masecla.remindify.RemindifyApplication   : Started RemindifyApplication in 1.124 seconds (process running for 1.377)
2025-09-08T14:32:01.420Z  INFO 8 --- [remindify] [nio-8080-exec-1] o.a.c.c.C.[Tomcat].[localhost].[/]       : Initializing Spring DispatcherServlet 'dispatcherServlet'
2025-09-08T14:32:01.420Z  INFO 8 --- [remindify] [nio-8080-exec-1] o.s.web.servlet.DispatcherServlet        : Initializing Servlet 'dispatcherServlet'
2025-09-08T14:32:01.421Z  INFO 8 --- [remindify] [nio-8080-exec-1] o.s.web.servlet.DispatcherServlet        : Completed initialization in 1 ms
2025-09-08T14:32:01.477Z  INFO 8 --- [remindify] [nio-8080-exec-1] m.remindify.controller.TaskController    : Received new task: TaskDto(task=Testing, description=ahsh, dueDate=2003-12-31T11:12)
2025-09-08T14:43:13.244Z  INFO 8 --- [remindify] [ionShutdownHook] o.s.b.w.e.tomcat.GracefulShutdown        : Commencing graceful shutdown. Waiting for active requests to complete
2025-09-08T14:43:13.253Z  INFO 8 --- [remindify] [tomcat-shutdown] o.s.b.w.e.tomcat.GracefulShutdown        : Graceful shutdown complete
